<?xml version="1.0" encoding="UTF-8"?>
<!-- Generated by org.testng.reporters.JUnitXMLReporter -->
<testsuite ignored="0" hostname="Krishnaprasad" failures="0" tests="6" name="Free CRM App Test Cases" time="71.809" errors="0" timestamp="2023-07-18T23:51:56 IST">
  <testcase classname="com.vc.testcases.HomePageTest" name="@BeforeMethod initialise" time="26.198">
    <failure type="org.openqa.selenium.TimeoutException" message="timeout: Timed out receiving message from renderer: 18.267
  (Session info: chrome=114.0.5735.199)
Build info: version: &amp;apos;4.10.0&amp;apos;, revision: &amp;apos;c14d967899&amp;apos;
System info: os.name: &amp;apos;Windows 11&amp;apos;, os.arch: &amp;apos;amd64&amp;apos;, os.version: &amp;apos;10.0&amp;apos;, java.version: &amp;apos;19&amp;apos;
Driver info: org.openqa.selenium.chrome.ChromeDriver
Command: [653ad72e5967ae89482d4eca6fcf3987, get {url=https://www.visualcrossing.com/}]
Capabilities {acceptInsecureCerts: false, browserName: chrome, browserVersion: 114.0.5735.199, chrome: {chromedriverVersion: 114.0.5735.90 (386bc09e8f4f..., userDataDir: C:\Users\2kris\AppData\Loca...}, goog:chromeOptions: {debuggerAddress: localhost:60751}, networkConnectionEnabled: false, pageLoadStrategy: normal, platformName: windows, proxy: Proxy(), se:cdp: ws://localhost:60751/devtoo..., se:cdpVersion: 114.0.5735.199, setWindowRect: true, strictFileInteractability: false, timeouts: {implicit: 0, pageLoad: 300000, script: 30000}, unhandledPromptBehavior: dismiss and notify, webauthn:extension:credBlob: true, webauthn:extension:largeBlob: true, webauthn:extension:minPinLength: true, webauthn:extension:prf: true, webauthn:virtualAuthenticators: true}
Session ID: 653ad72e5967ae89482d4eca6fcf3987">
      <![CDATA[org.openqa.selenium.TimeoutException: timeout: Timed out receiving message from renderer: 18.267
  (Session info: chrome=114.0.5735.199)
Build info: version: '4.10.0', revision: 'c14d967899'
System info: os.name: 'Windows 11', os.arch: 'amd64', os.version: '10.0', java.version: '19'
Driver info: org.openqa.selenium.chrome.ChromeDriver
Command: [653ad72e5967ae89482d4eca6fcf3987, get {url=https://www.visualcrossing.com/}]
Capabilities {acceptInsecureCerts: false, browserName: chrome, browserVersion: 114.0.5735.199, chrome: {chromedriverVersion: 114.0.5735.90 (386bc09e8f4f..., userDataDir: C:\Users\2kris\AppData\Loca...}, goog:chromeOptions: {debuggerAddress: localhost:60751}, networkConnectionEnabled: false, pageLoadStrategy: normal, platformName: windows, proxy: Proxy(), se:cdp: ws://localhost:60751/devtoo..., se:cdpVersion: 114.0.5735.199, setWindowRect: true, strictFileInteractability: false, timeouts: {implicit: 0, pageLoad: 300000, script: 30000}, unhandledPromptBehavior: dismiss and notify, webauthn:extension:credBlob: true, webauthn:extension:largeBlob: true, webauthn:extension:minPinLength: true, webauthn:extension:prf: true, webauthn:virtualAuthenticators: true}
Session ID: 653ad72e5967ae89482d4eca6fcf3987
at org.openqa.selenium.remote.codec.w3c.W3CHttpResponseCodec.createException(W3CHttpResponseCodec.java:199)
at org.openqa.selenium.remote.codec.w3c.W3CHttpResponseCodec.decode(W3CHttpResponseCodec.java:132)
at org.openqa.selenium.remote.codec.w3c.W3CHttpResponseCodec.decode(W3CHttpResponseCodec.java:51)
at org.openqa.selenium.remote.HttpCommandExecutor.execute(HttpCommandExecutor.java:191)
at org.openqa.selenium.remote.service.DriverCommandExecutor.invokeExecute(DriverCommandExecutor.java:196)
at org.openqa.selenium.remote.service.DriverCommandExecutor.execute(DriverCommandExecutor.java:171)
at org.openqa.selenium.remote.RemoteWebDriver.execute(RemoteWebDriver.java:531)
at org.openqa.selenium.remote.RemoteWebDriver.get(RemoteWebDriver.java:295)
at org.openqa.selenium.support.events.EventFiringWebDriver.lambda$new$1(EventFiringWebDriver.java:107)
at jdk.proxy2/jdk.proxy2.$Proxy14.get(Unknown Source)
at org.openqa.selenium.support.events.EventFiringWebDriver.get(EventFiringWebDriver.java:165)
at com.vc.base.TestBase.setUp(TestBase.java:70)
at com.vc.testcases.HomePageTest.initialise(HomePageTest.java:24)
at java.base/java.util.ArrayList.forEach(ArrayList.java:1511)
... Removed 34 stack frames]]>
    </failure>
  </testcase> <!-- @BeforeMethod initialise -->
  <testcase classname="com.vc.testcases.HomePageTest" name="@AfterMethod closeMethod" time="0.0">
    <skipped/>
  </testcase> <!-- @AfterMethod closeMethod -->
  <testcase classname="com.vc.testcases.HomePageTest" name="@BeforeMethod initialise" time="0.0">
    <skipped/>
  </testcase> <!-- @BeforeMethod initialise -->
  <testcase classname="com.vc.testcases.HomePageTest" name="@AfterMethod closeMethod" time="0.0">
    <skipped/>
  </testcase> <!-- @AfterMethod closeMethod -->
  <testcase classname="com.vc.testcases.WeatherDataSearchPageTest" name="@BeforeMethod initialise" time="22.684">
    <failure type="org.openqa.selenium.TimeoutException" message="timeout: Timed out receiving message from renderer: 16.625
  (Session info: chrome=114.0.5735.199)
Build info: version: &amp;apos;4.10.0&amp;apos;, revision: &amp;apos;c14d967899&amp;apos;
System info: os.name: &amp;apos;Windows 11&amp;apos;, os.arch: &amp;apos;amd64&amp;apos;, os.version: &amp;apos;10.0&amp;apos;, java.version: &amp;apos;19&amp;apos;
Driver info: org.openqa.selenium.chrome.ChromeDriver
Command: [ccb770b3d51358fa0d6a2c1a92909efc, get {url=https://www.visualcrossing.com/}]
Capabilities {acceptInsecureCerts: false, browserName: chrome, browserVersion: 114.0.5735.199, chrome: {chromedriverVersion: 114.0.5735.90 (386bc09e8f4f..., userDataDir: C:\Users\2kris\AppData\Loca...}, goog:chromeOptions: {debuggerAddress: localhost:60798}, networkConnectionEnabled: false, pageLoadStrategy: normal, platformName: windows, proxy: Proxy(), se:cdp: ws://localhost:60798/devtoo..., se:cdpVersion: 114.0.5735.199, setWindowRect: true, strictFileInteractability: false, timeouts: {implicit: 0, pageLoad: 300000, script: 30000}, unhandledPromptBehavior: dismiss and notify, webauthn:extension:credBlob: true, webauthn:extension:largeBlob: true, webauthn:extension:minPinLength: true, webauthn:extension:prf: true, webauthn:virtualAuthenticators: true}
Session ID: ccb770b3d51358fa0d6a2c1a92909efc">
      <![CDATA[org.openqa.selenium.TimeoutException: timeout: Timed out receiving message from renderer: 16.625
  (Session info: chrome=114.0.5735.199)
Build info: version: '4.10.0', revision: 'c14d967899'
System info: os.name: 'Windows 11', os.arch: 'amd64', os.version: '10.0', java.version: '19'
Driver info: org.openqa.selenium.chrome.ChromeDriver
Command: [ccb770b3d51358fa0d6a2c1a92909efc, get {url=https://www.visualcrossing.com/}]
Capabilities {acceptInsecureCerts: false, browserName: chrome, browserVersion: 114.0.5735.199, chrome: {chromedriverVersion: 114.0.5735.90 (386bc09e8f4f..., userDataDir: C:\Users\2kris\AppData\Loca...}, goog:chromeOptions: {debuggerAddress: localhost:60798}, networkConnectionEnabled: false, pageLoadStrategy: normal, platformName: windows, proxy: Proxy(), se:cdp: ws://localhost:60798/devtoo..., se:cdpVersion: 114.0.5735.199, setWindowRect: true, strictFileInteractability: false, timeouts: {implicit: 0, pageLoad: 300000, script: 30000}, unhandledPromptBehavior: dismiss and notify, webauthn:extension:credBlob: true, webauthn:extension:largeBlob: true, webauthn:extension:minPinLength: true, webauthn:extension:prf: true, webauthn:virtualAuthenticators: true}
Session ID: ccb770b3d51358fa0d6a2c1a92909efc
at org.openqa.selenium.remote.codec.w3c.W3CHttpResponseCodec.createException(W3CHttpResponseCodec.java:199)
at org.openqa.selenium.remote.codec.w3c.W3CHttpResponseCodec.decode(W3CHttpResponseCodec.java:132)
at org.openqa.selenium.remote.codec.w3c.W3CHttpResponseCodec.decode(W3CHttpResponseCodec.java:51)
at org.openqa.selenium.remote.HttpCommandExecutor.execute(HttpCommandExecutor.java:191)
at org.openqa.selenium.remote.service.DriverCommandExecutor.invokeExecute(DriverCommandExecutor.java:196)
at org.openqa.selenium.remote.service.DriverCommandExecutor.execute(DriverCommandExecutor.java:171)
at org.openqa.selenium.remote.RemoteWebDriver.execute(RemoteWebDriver.java:531)
at org.openqa.selenium.remote.RemoteWebDriver.get(RemoteWebDriver.java:295)
at org.openqa.selenium.support.events.EventFiringWebDriver.lambda$new$1(EventFiringWebDriver.java:107)
at jdk.proxy2/jdk.proxy2.$Proxy14.get(Unknown Source)
at org.openqa.selenium.support.events.EventFiringWebDriver.get(EventFiringWebDriver.java:165)
at com.vc.base.TestBase.setUp(TestBase.java:70)
at com.vc.testcases.WeatherDataSearchPageTest.initialise(WeatherDataSearchPageTest.java:25)
at java.base/java.util.ArrayList.forEach(ArrayList.java:1511)
... Removed 34 stack frames]]>
    </failure>
  </testcase> <!-- @BeforeMethod initialise -->
  <testcase classname="com.vc.testcases.WeatherDataSearchPageTest" name="@AfterMethod closeMethod" time="0.0">
    <skipped/>
  </testcase> <!-- @AfterMethod closeMethod -->
  <testcase classname="com.vc.testcases.WeatherDataSearchPageTest" name="@BeforeMethod initialise" time="0.0">
    <skipped/>
  </testcase> <!-- @BeforeMethod initialise -->
  <testcase classname="com.vc.testcases.WeatherDataSearchPageTest" name="@AfterMethod closeMethod" time="0.0">
    <skipped/>
  </testcase> <!-- @AfterMethod closeMethod -->
  <testcase classname="com.vc.testcases.WeatherHistoryPageTest" name="@BeforeMethod initialise" time="22.764">
    <failure type="org.openqa.selenium.TimeoutException" message="timeout: Timed out receiving message from renderer: 7.032
  (Session info: chrome=114.0.5735.199)
Build info: version: &amp;apos;4.10.0&amp;apos;, revision: &amp;apos;c14d967899&amp;apos;
System info: os.name: &amp;apos;Windows 11&amp;apos;, os.arch: &amp;apos;amd64&amp;apos;, os.version: &amp;apos;10.0&amp;apos;, java.version: &amp;apos;19&amp;apos;
Driver info: org.openqa.selenium.chrome.ChromeDriver
Command: [de1097e4443868fc285f1a1b9fb8dfe9, get {url=https://www.visualcrossing.com/}]
Capabilities {acceptInsecureCerts: false, browserName: chrome, browserVersion: 114.0.5735.199, chrome: {chromedriverVersion: 114.0.5735.90 (386bc09e8f4f..., userDataDir: C:\Users\2kris\AppData\Loca...}, goog:chromeOptions: {debuggerAddress: localhost:60865}, networkConnectionEnabled: false, pageLoadStrategy: normal, platformName: windows, proxy: Proxy(), se:cdp: ws://localhost:60865/devtoo..., se:cdpVersion: 114.0.5735.199, setWindowRect: true, strictFileInteractability: false, timeouts: {implicit: 0, pageLoad: 300000, script: 30000}, unhandledPromptBehavior: dismiss and notify, webauthn:extension:credBlob: true, webauthn:extension:largeBlob: true, webauthn:extension:minPinLength: true, webauthn:extension:prf: true, webauthn:virtualAuthenticators: true}
Session ID: de1097e4443868fc285f1a1b9fb8dfe9">
      <![CDATA[org.openqa.selenium.TimeoutException: timeout: Timed out receiving message from renderer: 7.032
  (Session info: chrome=114.0.5735.199)
Build info: version: '4.10.0', revision: 'c14d967899'
System info: os.name: 'Windows 11', os.arch: 'amd64', os.version: '10.0', java.version: '19'
Driver info: org.openqa.selenium.chrome.ChromeDriver
Command: [de1097e4443868fc285f1a1b9fb8dfe9, get {url=https://www.visualcrossing.com/}]
Capabilities {acceptInsecureCerts: false, browserName: chrome, browserVersion: 114.0.5735.199, chrome: {chromedriverVersion: 114.0.5735.90 (386bc09e8f4f..., userDataDir: C:\Users\2kris\AppData\Loca...}, goog:chromeOptions: {debuggerAddress: localhost:60865}, networkConnectionEnabled: false, pageLoadStrategy: normal, platformName: windows, proxy: Proxy(), se:cdp: ws://localhost:60865/devtoo..., se:cdpVersion: 114.0.5735.199, setWindowRect: true, strictFileInteractability: false, timeouts: {implicit: 0, pageLoad: 300000, script: 30000}, unhandledPromptBehavior: dismiss and notify, webauthn:extension:credBlob: true, webauthn:extension:largeBlob: true, webauthn:extension:minPinLength: true, webauthn:extension:prf: true, webauthn:virtualAuthenticators: true}
Session ID: de1097e4443868fc285f1a1b9fb8dfe9
at org.openqa.selenium.remote.codec.w3c.W3CHttpResponseCodec.createException(W3CHttpResponseCodec.java:199)
at org.openqa.selenium.remote.codec.w3c.W3CHttpResponseCodec.decode(W3CHttpResponseCodec.java:132)
at org.openqa.selenium.remote.codec.w3c.W3CHttpResponseCodec.decode(W3CHttpResponseCodec.java:51)
at org.openqa.selenium.remote.HttpCommandExecutor.execute(HttpCommandExecutor.java:191)
at org.openqa.selenium.remote.service.DriverCommandExecutor.invokeExecute(DriverCommandExecutor.java:196)
at org.openqa.selenium.remote.service.DriverCommandExecutor.execute(DriverCommandExecutor.java:171)
at org.openqa.selenium.remote.RemoteWebDriver.execute(RemoteWebDriver.java:531)
at org.openqa.selenium.remote.RemoteWebDriver.get(RemoteWebDriver.java:295)
at org.openqa.selenium.support.events.EventFiringWebDriver.lambda$new$1(EventFiringWebDriver.java:107)
at jdk.proxy2/jdk.proxy2.$Proxy14.get(Unknown Source)
at org.openqa.selenium.support.events.EventFiringWebDriver.get(EventFiringWebDriver.java:165)
at com.vc.base.TestBase.setUp(TestBase.java:70)
at com.vc.testcases.WeatherHistoryPageTest.initialise(WeatherHistoryPageTest.java:26)
at java.base/java.util.ArrayList.forEach(ArrayList.java:1511)
... Removed 34 stack frames]]>
    </failure>
  </testcase> <!-- @BeforeMethod initialise -->
  <testcase classname="com.vc.testcases.WeatherHistoryPageTest" name="@AfterMethod closeMethod" time="0.0">
    <skipped/>
  </testcase> <!-- @AfterMethod closeMethod -->
  <testcase classname="com.vc.testcases.WeatherHistoryPageTest" name="@BeforeMethod initialise" time="0.0">
    <skipped/>
  </testcase> <!-- @BeforeMethod initialise -->
  <testcase classname="com.vc.testcases.WeatherHistoryPageTest" name="@AfterMethod closeMethod" time="0.0">
    <skipped/>
  </testcase> <!-- @AfterMethod closeMethod -->
  <testcase classname="com.vc.testcases.HomePageTest" name="validateHomePageTitle" time="0.001">
    <skipped/>
  </testcase> <!-- validateHomePageTitle -->
  <testcase classname="com.vc.testcases.HomePageTest" name="weatherAPIClickTest" time="0.0">
    <skipped/>
  </testcase> <!-- weatherAPIClickTest -->
  <testcase classname="com.vc.testcases.WeatherDataSearchPageTest" name="verifyCorrectPage" time="0.001">
    <skipped/>
  </testcase> <!-- verifyCorrectPage -->
  <testcase classname="com.vc.testcases.WeatherDataSearchPageTest" name="valideateNavigationToHistoryPage" time="0.0">
    <skipped/>
  </testcase> <!-- valideateNavigationToHistoryPage -->
  <testcase classname="com.vc.testcases.WeatherHistoryPageTest" name="verifyCorrectPage" time="0.0">
    <skipped/>
  </testcase> <!-- verifyCorrectPage -->
  <testcase classname="com.vc.testcases.WeatherHistoryPageTest" name="validateMinMaxTempPrecip" time="0.0">
    <skipped/>
  </testcase> <!-- validateMinMaxTempPrecip -->
</testsuite> <!-- Free CRM App Test Cases -->
